2009-09-19 09:27:30,328 [INFO ] com.mchange.v2.log.MLog  - MLog clients using log4j logging.
2009-09-19 09:27:30,531 [INFO ] com.mchange.v2.c3p0.C3P0Registry  - Initializing c3p0-0.9.1.2 [built 21-May-2007 15:04:56; debug? true; trace: 10]
2009-09-19 09:27:30,578 [DEBUG] com.mchange.v2.c3p0.management.DynamicPooledDataSourceManagerMBean  - MBean: com.mchange.v2.c3p0:type=PooledDataSource[2sab6y831lorj2u1k2x9et|1412e75] registered.
2009-09-19 09:27:32,218 [DEBUG] com.mchange.v2.c3p0.impl.NewPooledConnection  - com.mchange.v2.c3p0.impl.NewPooledConnection@3e926 closed by a client.
java.lang.Exception: DEBUG -- CLOSE BY CLIENT STACK TRACE
	at com.mchange.v2.c3p0.impl.NewPooledConnection.close(NewPooledConnection.java:566)
	at com.mchange.v2.c3p0.impl.NewPooledConnection.close(NewPooledConnection.java:234)
	at com.mchange.v2.c3p0.impl.C3P0PooledConnectionPoolManager.initializeAutomaticTestTable(C3P0PooledConnectionPoolManager.java:834)
	at com.mchange.v2.c3p0.impl.C3P0PooledConnectionPoolManager.createPooledConnectionPool(C3P0PooledConnectionPoolManager.java:696)
	at com.mchange.v2.c3p0.impl.C3P0PooledConnectionPoolManager.getPool(C3P0PooledConnectionPoolManager.java:257)
	at com.mchange.v2.c3p0.impl.C3P0PooledConnectionPoolManager.getPool(C3P0PooledConnectionPoolManager.java:271)
	at com.mchange.v2.c3p0.impl.AbstractPoolBackedDataSource.getNumThreadsAwaitingCheckoutDefaultUser(AbstractPoolBackedDataSource.java:203)
	at sun.reflect.NativeMethodAccessorImpl.invoke0(Native Method)
	at sun.reflect.NativeMethodAccessorImpl.invoke(NativeMethodAccessorImpl.java:39)
	at sun.reflect.DelegatingMethodAccessorImpl.invoke(DelegatingMethodAccessorImpl.java:25)
	at java.lang.reflect.Method.invoke(Method.java:597)
	at com.mchange.v2.beans.BeansUtils.extractAccessiblePropertiesToMap(BeansUtils.java:359)
	at com.mchange.v2.beans.BeansUtils.appendPropNamesAndValues(BeansUtils.java:324)
	at com.mchange.v2.c3p0.ComboPooledDataSource.toString(ComboPooledDataSource.java:539)
	at com.mchange.v2.c3p0.impl.AbstractPoolBackedDataSource.getPoolManager(AbstractPoolBackedDataSource.java:462)
	at com.mchange.v2.c3p0.impl.AbstractPoolBackedDataSource.getConnection(AbstractPoolBackedDataSource.java:128)
	at org.springframework.orm.hibernate3.LocalDataSourceConnectionProvider.getConnection(LocalDataSourceConnectionProvider.java:82)
	at org.hibernate.cfg.SettingsFactory.buildSettings(SettingsFactory.java:111)
	at org.hibernate.cfg.Configuration.buildSettings(Configuration.java:2101)
	at org.hibernate.cfg.Configuration.buildSessionFactory(Configuration.java:1325)
	at org.hibernate.cfg.AnnotationConfiguration.buildSessionFactory(AnnotationConfiguration.java:867)
	at org.springframework.orm.hibernate3.LocalSessionFactoryBean.newSessionFactory(LocalSessionFactoryBean.java:814)
	at org.springframework.orm.hibernate3.LocalSessionFactoryBean.buildSessionFactory(LocalSessionFactoryBean.java:732)
	at org.springframework.orm.hibernate3.AbstractSessionFactoryBean.afterPropertiesSet(AbstractSessionFactoryBean.java:211)
	at org.springframework.beans.factory.support.AbstractAutowireCapableBeanFactory.invokeInitMethods(AbstractAutowireCapableBeanFactory.java:1369)
	at org.springframework.beans.factory.support.AbstractAutowireCapableBeanFactory.initializeBean(AbstractAutowireCapableBeanFactory.java:1335)
	at org.springframework.beans.factory.support.AbstractAutowireCapableBeanFactory.doCreateBean(AbstractAutowireCapableBeanFactory.java:473)
	at org.springframework.beans.factory.support.AbstractAutowireCapableBeanFactory$1.run(AbstractAutowireCapableBeanFactory.java:409)
	at java.security.AccessController.doPrivileged(Native Method)
	at org.springframework.beans.factory.support.AbstractAutowireCapableBeanFactory.createBean(AbstractAutowireCapableBeanFactory.java:380)
	at org.springframework.beans.factory.support.AbstractBeanFactory$1.getObject(AbstractBeanFactory.java:264)
	at org.springframework.beans.factory.support.DefaultSingletonBeanRegistry.getSingleton(DefaultSingletonBeanRegistry.java:222)
	at org.springframework.beans.factory.support.AbstractBeanFactory.doGetBean(AbstractBeanFactory.java:261)
	at org.springframework.beans.factory.support.AbstractBeanFactory.getBean(AbstractBeanFactory.java:185)
	at org.springframework.beans.factory.support.AbstractBeanFactory.getBean(AbstractBeanFactory.java:164)
	at org.springframework.beans.factory.support.AbstractAutowireCapableBeanFactory.autowireByName(AbstractAutowireCapableBeanFactory.java:1029)
	at org.springframework.beans.factory.support.AbstractAutowireCapableBeanFactory.populateBean(AbstractAutowireCapableBeanFactory.java:977)
	at org.springframework.beans.factory.support.AbstractAutowireCapableBeanFactory.doCreateBean(AbstractAutowireCapableBeanFactory.java:472)
	at org.springframework.beans.factory.support.AbstractAutowireCapableBeanFactory$1.run(AbstractAutowireCapableBeanFactory.java:409)
	at java.security.AccessController.doPrivileged(Native Method)
	at org.springframework.beans.factory.support.AbstractAutowireCapableBeanFactory.createBean(AbstractAutowireCapableBeanFactory.java:380)
	at org.springframework.beans.factory.support.AbstractBeanFactory$1.getObject(AbstractBeanFactory.java:264)
	at org.springframework.beans.factory.support.DefaultSingletonBeanRegistry.getSingleton(DefaultSingletonBeanRegistry.java:222)
	at org.springframework.beans.factory.support.AbstractBeanFactory.doGetBean(AbstractBeanFactory.java:261)
	at org.springframework.beans.factory.support.AbstractBeanFactory.getBean(AbstractBeanFactory.java:185)
	at org.springframework.beans.factory.support.AbstractBeanFactory.getBean(AbstractBeanFactory.java:164)
	at org.springframework.beans.factory.support.BeanDefinitionValueResolver.resolveReference(BeanDefinitionValueResolver.java:269)
	at org.springframework.beans.factory.support.BeanDefinitionValueResolver.resolveValueIfNecessary(BeanDefinitionValueResolver.java:104)
	at org.springframework.beans.factory.support.AbstractAutowireCapableBeanFactory.applyPropertyValues(AbstractAutowireCapableBeanFactory.java:1245)
	at org.springframework.beans.factory.support.AbstractAutowireCapableBeanFactory.populateBean(AbstractAutowireCapableBeanFactory.java:1010)
	at org.springframework.beans.factory.support.AbstractAutowireCapableBeanFactory.doCreateBean(AbstractAutowireCapableBeanFactory.java:472)
	at org.springframework.beans.factory.support.AbstractAutowireCapableBeanFactory$1.run(AbstractAutowireCapableBeanFactory.java:409)
	at java.security.AccessController.doPrivileged(Native Method)
	at org.springframework.beans.factory.support.AbstractAutowireCapableBeanFactory.createBean(AbstractAutowireCapableBeanFactory.java:380)
	at org.springframework.beans.factory.support.AbstractBeanFactory$1.getObject(AbstractBeanFactory.java:264)
	at org.springframework.beans.factory.support.DefaultSingletonBeanRegistry.getSingleton(DefaultSingletonBeanRegistry.java:222)
	at org.springframework.beans.factory.support.AbstractBeanFactory.doGetBean(AbstractBeanFactory.java:261)
	at org.springframework.beans.factory.support.AbstractBeanFactory.getBean(AbstractBeanFactory.java:185)
	at org.springframework.beans.factory.support.AbstractBeanFactory.getBean(AbstractBeanFactory.java:164)
	at org.springframework.beans.factory.support.DefaultListableBeanFactory.preInstantiateSingletons(DefaultListableBeanFactory.java:429)
	at org.springframework.context.support.AbstractApplicationContext.finishBeanFactoryInitialization(AbstractApplicationContext.java:728)
	at org.springframework.context.support.AbstractApplicationContext.refresh(AbstractApplicationContext.java:380)
	at org.springframework.test.context.support.AbstractGenericContextLoader.loadContext(AbstractGenericContextLoader.java:84)
	at org.springframework.test.context.support.AbstractGenericContextLoader.loadContext(AbstractGenericContextLoader.java:42)
	at org.springframework.test.context.TestContext.loadApplicationContext(TestContext.java:173)
	at org.springframework.test.context.TestContext.getApplicationContext(TestContext.java:197)
	at org.springframework.test.context.support.DependencyInjectionTestExecutionListener.injectDependencies(DependencyInjectionTestExecutionListener.java:109)
	at org.springframework.test.context.support.DependencyInjectionTestExecutionListener.prepareTestInstance(DependencyInjectionTestExecutionListener.java:75)
	at org.springframework.test.context.TestContextManager.prepareTestInstance(TestContextManager.java:255)
	at org.springframework.test.context.junit38.AbstractJUnit38SpringContextTests.runBare(AbstractJUnit38SpringContextTests.java:183)
	at junit.framework.TestResult$1.protect(TestResult.java:106)
	at junit.framework.TestResult.runProtected(TestResult.java:124)
	at junit.framework.TestResult.run(TestResult.java:109)
	at junit.framework.TestCase.run(TestCase.java:120)
	at junit.framework.TestSuite.runTest(TestSuite.java:230)
	at junit.framework.TestSuite.run(TestSuite.java:225)
	at sun.reflect.NativeMethodAccessorImpl.invoke0(Native Method)
	at sun.reflect.NativeMethodAccessorImpl.invoke(NativeMethodAccessorImpl.java:39)
	at sun.reflect.DelegatingMethodAccessorImpl.invoke(DelegatingMethodAccessorImpl.java:25)
	at java.lang.reflect.Method.invoke(Method.java:597)
	at org.apache.maven.surefire.junit.JUnitTestSet.execute(JUnitTestSet.java:213)
	at org.apache.maven.surefire.suite.AbstractDirectoryTestSuite.executeTestSet(AbstractDirectoryTestSuite.java:140)
	at org.apache.maven.surefire.suite.AbstractDirectoryTestSuite.execute(AbstractDirectoryTestSuite.java:127)
	at org.apache.maven.surefire.Surefire.run(Surefire.java:177)
	at sun.reflect.NativeMethodAccessorImpl.invoke0(Native Method)
	at sun.reflect.NativeMethodAccessorImpl.invoke(NativeMethodAccessorImpl.java:39)
	at sun.reflect.DelegatingMethodAccessorImpl.invoke(DelegatingMethodAccessorImpl.java:25)
	at java.lang.reflect.Method.invoke(Method.java:597)
	at org.apache.maven.surefire.booter.SurefireBooter.runSuitesInProcess(SurefireBooter.java:345)
	at org.apache.maven.surefire.booter.SurefireBooter.main(SurefireBooter.java:1009)
2009-09-19 09:27:32,250 [DEBUG] com.mchange.v2.resourcepool.BasicResourcePool  - incremented pending_acquires: 1
2009-09-19 09:27:32,250 [DEBUG] com.mchange.v2.resourcepool.BasicResourcePool  - incremented pending_acquires: 2
2009-09-19 09:27:32,250 [DEBUG] com.mchange.v2.resourcepool.BasicResourcePool  - incremented pending_acquires: 3
2009-09-19 09:27:32,250 [DEBUG] com.mchange.v2.resourcepool.BasicResourcePool  - incremented pending_acquires: 4
2009-09-19 09:27:32,250 [DEBUG] com.mchange.v2.resourcepool.BasicResourcePool  - incremented pending_acquires: 5
2009-09-19 09:27:32,250 [DEBUG] com.mchange.v2.resourcepool.BasicResourcePool  - incremented pending_acquires: 6
2009-09-19 09:27:32,250 [DEBUG] com.mchange.v2.resourcepool.BasicResourcePool  - incremented pending_acquires: 7
2009-09-19 09:27:32,250 [DEBUG] com.mchange.v2.resourcepool.BasicResourcePool  - incremented pending_acquires: 8
2009-09-19 09:27:32,250 [DEBUG] com.mchange.v2.resourcepool.BasicResourcePool  - incremented pending_acquires: 9
2009-09-19 09:27:32,250 [DEBUG] com.mchange.v2.resourcepool.BasicResourcePool  - incremented pending_acquires: 10
2009-09-19 09:27:32,250 [DEBUG] com.mchange.v2.resourcepool.BasicResourcePool  - com.mchange.v2.resourcepool.BasicResourcePool@145e5a6 config: [start -> 10; min -> 3; max -> 30; inc -> 3; num_acq_attempts -> 30; acq_attempt_delay -> 1000; check_idle_resources_delay -> 60000; mox_resource_age -> 0; max_idle_time -> 0; excess_max_idle_time -> 0; destroy_unreturned_resc_time -> 0; expiration_enforcement_delay -> 0; break_on_acquisition_failure -> false; debug_store_checkout_exceptions -> false]
2009-09-19 09:27:32,250 [INFO ] com.mchange.v2.c3p0.impl.AbstractPoolBackedDataSource  - Initializing c3p0 pool... com.mchange.v2.c3p0.ComboPooledDataSource [ acquireIncrement -> 3, acquireRetryAttempts -> 30, acquireRetryDelay -> 1000, autoCommitOnClose -> false, automaticTestTable -> c3p0_test_table, breakAfterAcquireFailure -> false, checkoutTimeout -> 0, connectionCustomizerClassName -> null, connectionTesterClassName -> com.mchange.v2.c3p0.impl.DefaultConnectionTester, dataSourceName -> 2sab6y831lorj2u1k2x9et|1412e75, debugUnreturnedConnectionStackTraces -> false, description -> null, driverClass -> com.mysql.jdbc.Driver, factoryClassLocation -> null, forceIgnoreUnresolvedTransactions -> false, identityToken -> 2sab6y831lorj2u1k2x9et|1412e75, idleConnectionTestPeriod -> 60, initialPoolSize -> 10, jdbcUrl -> jdbc:mysql://localhost/eq?characterEncoding=utf8, maxAdministrativeTaskTime -> 0, maxConnectionAge -> 0, maxIdleTime -> 0, maxIdleTimeExcessConnections -> 0, maxPoolSize -> 30, maxStatements -> 0, maxStatementsPerConnection -> 0, minPoolSize -> 3, numHelperThreads -> 3, numThreadsAwaitingCheckoutDefaultUser -> 0, preferredTestQuery -> null, properties -> {user=******, password=******}, propertyCycle -> 0, testConnectionOnCheckin -> false, testConnectionOnCheckout -> false, unreturnedConnectionTimeout -> 0, usesTraditionalReflectiveProxies -> false ]
2009-09-19 09:27:32,250 [DEBUG] com.mchange.v2.resourcepool.BasicResourcePool  - acquire test -- pool size: 0; target_pool_size: 10; desired target? 1
2009-09-19 09:27:32,250 [DEBUG] com.mchange.v2.resourcepool.BasicResourcePool  - awaitAvailable(): [unknown]
2009-09-19 09:27:32,250 [DEBUG] com.mchange.v2.resourcepool.BasicResourcePool  - trace com.mchange.v2.resourcepool.BasicResourcePool@145e5a6 [managed: 0, unused: 0, excluded: 0]
2009-09-19 09:27:32,328 [DEBUG] com.mchange.v2.c3p0.impl.C3P0PooledConnectionPool  - com.mchange.v2.c3p0.impl.C3P0PooledConnectionPool$1PooledConnectionResourcePoolManager@1406eb6.acquireResource() returning. 
2009-09-19 09:27:32,328 [DEBUG] com.mchange.v2.resourcepool.BasicResourcePool  - trace com.mchange.v2.resourcepool.BasicResourcePool@145e5a6 [managed: 1, unused: 1, excluded: 0]
2009-09-19 09:27:32,328 [DEBUG] com.mchange.v2.resourcepool.BasicResourcePool  - decremented pending_acquires: 9
2009-09-19 09:27:32,343 [DEBUG] com.mchange.v2.c3p0.impl.C3P0PooledConnectionPool  - com.mchange.v2.c3p0.impl.C3P0PooledConnectionPool$1PooledConnectionResourcePoolManager@1406eb6.acquireResource() returning. 
2009-09-19 09:27:32,343 [DEBUG] com.mchange.v2.resourcepool.BasicResourcePool  - trace com.mchange.v2.resourcepool.BasicResourcePool@145e5a6 [managed: 1, unused: 0, excluded: 0] (e.g. com.mchange.v2.c3p0.impl.NewPooledConnection@651e95)
2009-09-19 09:27:32,343 [DEBUG] com.mchange.v2.c3p0.impl.C3P0PooledConnectionPool  - com.mchange.v2.c3p0.impl.C3P0PooledConnectionPool$1PooledConnectionResourcePoolManager@1406eb6.acquireResource() returning. 
2009-09-19 09:27:32,343 [DEBUG] com.mchange.v2.resourcepool.BasicResourcePool  - trace com.mchange.v2.resourcepool.BasicResourcePool@145e5a6 [managed: 2, unused: 1, excluded: 0] (e.g. com.mchange.v2.c3p0.impl.NewPooledConnection@651e95)
2009-09-19 09:27:32,343 [DEBUG] com.mchange.v2.resourcepool.BasicResourcePool  - decremented pending_acquires: 8
2009-09-19 09:27:32,359 [DEBUG] com.mchange.v2.resourcepool.BasicResourcePool  - trace com.mchange.v2.resourcepool.BasicResourcePool@145e5a6 [managed: 3, unused: 2, excluded: 0] (e.g. com.mchange.v2.c3p0.impl.NewPooledConnection@651e95)
2009-09-19 09:27:32,359 [DEBUG] com.mchange.v2.resourcepool.BasicResourcePool  - decremented pending_acquires: 7
2009-09-19 09:27:32,375 [DEBUG] com.mchange.v2.c3p0.impl.C3P0PooledConnectionPool  - com.mchange.v2.c3p0.impl.C3P0PooledConnectionPool$1PooledConnectionResourcePoolManager@1406eb6.acquireResource() returning. 
2009-09-19 09:27:32,375 [DEBUG] com.mchange.v2.resourcepool.BasicResourcePool  - trace com.mchange.v2.resourcepool.BasicResourcePool@145e5a6 [managed: 3, unused: 2, excluded: 0] (e.g. com.mchange.v2.c3p0.impl.NewPooledConnection@651e95)
2009-09-19 09:27:32,375 [DEBUG] com.mchange.v2.resourcepool.BasicResourcePool  - trace com.mchange.v2.resourcepool.BasicResourcePool@145e5a6 [managed: 4, unused: 3, excluded: 0] (e.g. com.mchange.v2.c3p0.impl.NewPooledConnection@651e95)
2009-09-19 09:27:32,375 [DEBUG] com.mchange.v2.resourcepool.BasicResourcePool  - decremented pending_acquires: 6
2009-09-19 09:27:32,406 [DEBUG] com.mchange.v2.c3p0.impl.C3P0PooledConnectionPool  - com.mchange.v2.c3p0.impl.C3P0PooledConnectionPool$1PooledConnectionResourcePoolManager@1406eb6.acquireResource() returning. 
2009-09-19 09:27:32,406 [DEBUG] com.mchange.v2.resourcepool.BasicResourcePool  - trace com.mchange.v2.resourcepool.BasicResourcePool@145e5a6 [managed: 5, unused: 4, excluded: 0] (e.g. com.mchange.v2.c3p0.impl.NewPooledConnection@651e95)
2009-09-19 09:27:32,406 [DEBUG] com.mchange.v2.resourcepool.BasicResourcePool  - decremented pending_acquires: 5
2009-09-19 09:27:32,421 [DEBUG] com.mchange.v2.c3p0.impl.C3P0PooledConnectionPool  - com.mchange.v2.c3p0.impl.C3P0PooledConnectionPool$1PooledConnectionResourcePoolManager@1406eb6.acquireResource() returning. 
2009-09-19 09:27:32,421 [DEBUG] com.mchange.v2.resourcepool.BasicResourcePool  - trace com.mchange.v2.resourcepool.BasicResourcePool@145e5a6 [managed: 6, unused: 5, excluded: 0] (e.g. com.mchange.v2.c3p0.impl.NewPooledConnection@651e95)
2009-09-19 09:27:32,421 [DEBUG] com.mchange.v2.resourcepool.BasicResourcePool  - decremented pending_acquires: 4
2009-09-19 09:27:32,437 [DEBUG] com.mchange.v2.c3p0.impl.C3P0PooledConnectionPool  - com.mchange.v2.c3p0.impl.C3P0PooledConnectionPool$1PooledConnectionResourcePoolManager@1406eb6.acquireResource() returning. 
2009-09-19 09:27:32,437 [DEBUG] com.mchange.v2.resourcepool.BasicResourcePool  - trace com.mchange.v2.resourcepool.BasicResourcePool@145e5a6 [managed: 7, unused: 6, excluded: 0] (e.g. com.mchange.v2.c3p0.impl.NewPooledConnection@651e95)
2009-09-19 09:27:32,437 [DEBUG] com.mchange.v2.resourcepool.BasicResourcePool  - decremented pending_acquires: 3
2009-09-19 09:27:32,437 [DEBUG] com.mchange.v2.c3p0.impl.C3P0PooledConnectionPool  - com.mchange.v2.c3p0.impl.C3P0PooledConnectionPool$1PooledConnectionResourcePoolManager@1406eb6.acquireResource() returning. 
2009-09-19 09:27:32,437 [DEBUG] com.mchange.v2.resourcepool.BasicResourcePool  - trace com.mchange.v2.resourcepool.BasicResourcePool@145e5a6 [managed: 8, unused: 7, excluded: 0] (e.g. com.mchange.v2.c3p0.impl.NewPooledConnection@651e95)
2009-09-19 09:27:32,453 [DEBUG] com.mchange.v2.resourcepool.BasicResourcePool  - decremented pending_acquires: 2
2009-09-19 09:27:32,453 [DEBUG] com.mchange.v2.c3p0.impl.C3P0PooledConnectionPool  - com.mchange.v2.c3p0.impl.C3P0PooledConnectionPool$1PooledConnectionResourcePoolManager@1406eb6.acquireResource() returning. 
2009-09-19 09:27:32,453 [DEBUG] com.mchange.v2.resourcepool.BasicResourcePool  - trace com.mchange.v2.resourcepool.BasicResourcePool@145e5a6 [managed: 9, unused: 9, excluded: 0] (e.g. com.mchange.v2.c3p0.impl.NewPooledConnection@651e95)
2009-09-19 09:27:32,453 [DEBUG] com.mchange.v2.resourcepool.BasicResourcePool  - decremented pending_acquires: 1
2009-09-19 09:27:32,484 [DEBUG] com.mchange.v2.c3p0.impl.C3P0PooledConnectionPool  - com.mchange.v2.c3p0.impl.C3P0PooledConnectionPool$1PooledConnectionResourcePoolManager@1406eb6.acquireResource() returning. 
2009-09-19 09:27:32,484 [DEBUG] com.mchange.v2.resourcepool.BasicResourcePool  - trace com.mchange.v2.resourcepool.BasicResourcePool@145e5a6 [managed: 10, unused: 10, excluded: 0] (e.g. com.mchange.v2.c3p0.impl.NewPooledConnection@651e95)
2009-09-19 09:27:32,484 [DEBUG] com.mchange.v2.resourcepool.BasicResourcePool  - decremented pending_acquires: 0
2009-09-19 09:27:34,265 [DEBUG] com.mchange.v2.resourcepool.BasicResourcePool  - trace com.mchange.v2.resourcepool.BasicResourcePool@145e5a6 [managed: 10, unused: 9, excluded: 0] (e.g. com.mchange.v2.c3p0.impl.NewPooledConnection@651e95)
2009-09-19 09:27:34,890 [DEBUG] com.mchange.v2.resourcepool.BasicResourcePool  - trace com.mchange.v2.resourcepool.BasicResourcePool@145e5a6 [managed: 10, unused: 9, excluded: 0] (e.g. com.mchange.v2.c3p0.impl.NewPooledConnection@651e95)
2009-09-19 09:27:34,890 [DEBUG] com.mchange.v2.c3p0.impl.NewProxyConnection  - com.mchange.v2.c3p0.impl.NewProxyConnection@14b03ea: close() called more than once.
2009-09-19 09:27:35,046 [DEBUG] com.mchange.v2.resourcepool.BasicResourcePool  - trace com.mchange.v2.resourcepool.BasicResourcePool@145e5a6 [managed: 10, unused: 9, excluded: 0] (e.g. com.mchange.v2.c3p0.impl.NewPooledConnection@651e95)
2009-09-19 09:27:35,046 [DEBUG] com.mchange.v2.resourcepool.BasicResourcePool  - trace com.mchange.v2.resourcepool.BasicResourcePool@145e5a6 [managed: 10, unused: 9, excluded: 0] (e.g. com.mchange.v2.c3p0.impl.NewPooledConnection@651e95)
2009-09-19 09:27:35,046 [DEBUG] com.mchange.v2.resourcepool.BasicResourcePool  - trace com.mchange.v2.resourcepool.BasicResourcePool@145e5a6 [managed: 10, unused: 9, excluded: 0] (e.g. com.mchange.v2.c3p0.impl.NewPooledConnection@651e95)
2009-09-19 09:27:35,046 [DEBUG] com.mchange.v2.resourcepool.BasicResourcePool  - trace com.mchange.v2.resourcepool.BasicResourcePool@145e5a6 [managed: 10, unused: 9, excluded: 0] (e.g. com.mchange.v2.c3p0.impl.NewPooledConnection@651e95)
2009-09-19 09:27:35,046 [DEBUG] com.mchange.v2.resourcepool.BasicResourcePool  - trace com.mchange.v2.resourcepool.BasicResourcePool@145e5a6 [managed: 10, unused: 9, excluded: 0] (e.g. com.mchange.v2.c3p0.impl.NewPooledConnection@651e95)
2009-09-19 09:27:35,046 [DEBUG] com.mchange.v2.resourcepool.BasicResourcePool  - trace com.mchange.v2.resourcepool.BasicResourcePool@145e5a6 [managed: 10, unused: 9, excluded: 0] (e.g. com.mchange.v2.c3p0.impl.NewPooledConnection@651e95)
2009-09-19 09:27:35,046 [DEBUG] com.mchange.v2.resourcepool.BasicResourcePool  - trace com.mchange.v2.resourcepool.BasicResourcePool@145e5a6 [managed: 10, unused: 9, excluded: 0] (e.g. com.mchange.v2.c3p0.impl.NewPooledConnection@651e95)
2009-09-19 09:27:35,046 [DEBUG] com.mchange.v2.resourcepool.BasicResourcePool  - trace com.mchange.v2.resourcepool.BasicResourcePool@145e5a6 [managed: 10, unused: 9, excluded: 0] (e.g. com.mchange.v2.c3p0.impl.NewPooledConnection@651e95)
2009-09-19 09:27:35,421 [DEBUG] com.mchange.v2.resourcepool.BasicResourcePool  - trace com.mchange.v2.resourcepool.BasicResourcePool@145e5a6 [managed: 10, unused: 9, excluded: 0] (e.g. com.mchange.v2.c3p0.impl.NewPooledConnection@651e95)
2009-09-19 09:27:35,796 [DEBUG] com.mchange.v2.resourcepool.BasicResourcePool  - trace com.mchange.v2.resourcepool.BasicResourcePool@145e5a6 [managed: 10, unused: 9, excluded: 0] (e.g. com.mchange.v2.c3p0.impl.NewPooledConnection@651e95)
2009-09-19 09:27:36,062 [DEBUG] com.mchange.v2.resourcepool.BasicResourcePool  - trace com.mchange.v2.resourcepool.BasicResourcePool@145e5a6 [managed: 10, unused: 9, excluded: 0] (e.g. com.mchange.v2.c3p0.impl.NewPooledConnection@651e95)
2009-09-19 09:27:36,109 [DEBUG] com.mchange.v2.resourcepool.BasicResourcePool  - trace com.mchange.v2.resourcepool.BasicResourcePool@145e5a6 [managed: 10, unused: 9, excluded: 0] (e.g. com.mchange.v2.c3p0.impl.NewPooledConnection@651e95)
2009-09-19 09:27:36,859 [DEBUG] com.mchange.v2.resourcepool.BasicResourcePool  - trace com.mchange.v2.resourcepool.BasicResourcePool@145e5a6 [managed: 10, unused: 9, excluded: 0] (e.g. com.mchange.v2.c3p0.impl.NewPooledConnection@651e95)
2009-09-19 09:27:36,859 [DEBUG] com.mchange.v2.resourcepool.BasicResourcePool  - trace com.mchange.v2.resourcepool.BasicResourcePool@145e5a6 [managed: 10, unused: 9, excluded: 0] (e.g. com.mchange.v2.c3p0.impl.NewPooledConnection@651e95)
2009-09-19 09:27:58,781 [DEBUG] com.mchange.v2.resourcepool.BasicResourcePool  - trace com.mchange.v2.resourcepool.BasicResourcePool@145e5a6 [managed: 10, unused: 9, excluded: 0] (e.g. com.mchange.v2.c3p0.impl.NewPooledConnection@651e95)
2009-09-19 09:27:58,796 [DEBUG] com.mchange.v2.resourcepool.BasicResourcePool  - trace com.mchange.v2.resourcepool.BasicResourcePool@145e5a6 [managed: 10, unused: 9, excluded: 0] (e.g. com.mchange.v2.c3p0.impl.NewPooledConnection@651e95)
2009-09-19 09:27:58,796 [DEBUG] com.mchange.v2.resourcepool.BasicResourcePool  - trace com.mchange.v2.resourcepool.BasicResourcePool@145e5a6 [managed: 10, unused: 9, excluded: 0] (e.g. com.mchange.v2.c3p0.impl.NewPooledConnection@651e95)
2009-09-19 09:27:58,796 [DEBUG] com.mchange.v2.resourcepool.BasicResourcePool  - trace com.mchange.v2.resourcepool.BasicResourcePool@145e5a6 [managed: 10, unused: 9, excluded: 0] (e.g. com.mchange.v2.c3p0.impl.NewPooledConnection@651e95)
2009-09-19 09:27:58,984 [DEBUG] com.mchange.v2.resourcepool.BasicResourcePool  - trace com.mchange.v2.resourcepool.BasicResourcePool@145e5a6 [managed: 10, unused: 9, excluded: 0] (e.g. com.mchange.v2.c3p0.impl.NewPooledConnection@651e95)
2009-09-19 09:27:58,984 [DEBUG] com.mchange.v2.resourcepool.BasicResourcePool  - trace com.mchange.v2.resourcepool.BasicResourcePool@145e5a6 [managed: 10, unused: 9, excluded: 0] (e.g. com.mchange.v2.c3p0.impl.NewPooledConnection@651e95)
2009-09-19 09:27:58,984 [DEBUG] com.mchange.v2.resourcepool.BasicResourcePool  - trace com.mchange.v2.resourcepool.BasicResourcePool@145e5a6 [managed: 10, unused: 8, excluded: 0] (e.g. com.mchange.v2.c3p0.impl.NewPooledConnection@651e95)
2009-09-19 09:27:58,984 [DEBUG] com.mchange.v2.resourcepool.BasicResourcePool  - trace com.mchange.v2.resourcepool.BasicResourcePool@145e5a6 [managed: 10, unused: 9, excluded: 0] (e.g. com.mchange.v2.c3p0.impl.NewPooledConnection@651e95)
2009-09-19 09:27:59,328 [DEBUG] com.mchange.v2.resourcepool.BasicResourcePool  - trace com.mchange.v2.resourcepool.BasicResourcePool@145e5a6 [managed: 10, unused: 9, excluded: 0] (e.g. com.mchange.v2.c3p0.impl.NewPooledConnection@651e95)
2009-09-19 09:27:59,328 [DEBUG] com.mchange.v2.resourcepool.BasicResourcePool  - trace com.mchange.v2.resourcepool.BasicResourcePool@145e5a6 [managed: 10, unused: 9, excluded: 0] (e.g. com.mchange.v2.c3p0.impl.NewPooledConnection@651e95)
2009-09-19 09:27:59,484 [DEBUG] com.mchange.v2.resourcepool.BasicResourcePool  - trace com.mchange.v2.resourcepool.BasicResourcePool@145e5a6 [managed: 10, unused: 9, excluded: 0] (e.g. com.mchange.v2.c3p0.impl.NewPooledConnection@651e95)
2009-09-19 09:27:59,484 [DEBUG] com.mchange.v2.resourcepool.BasicResourcePool  - trace com.mchange.v2.resourcepool.BasicResourcePool@145e5a6 [managed: 10, unused: 9, excluded: 0] (e.g. com.mchange.v2.c3p0.impl.NewPooledConnection@651e95)
2009-09-19 09:27:59,500 [DEBUG] com.mchange.v2.resourcepool.BasicResourcePool  - trace com.mchange.v2.resourcepool.BasicResourcePool@145e5a6 [managed: 10, unused: 9, excluded: 0] (e.g. com.mchange.v2.c3p0.impl.NewPooledConnection@651e95)
2009-09-19 09:27:59,500 [DEBUG] com.mchange.v2.resourcepool.BasicResourcePool  - trace com.mchange.v2.resourcepool.BasicResourcePool@145e5a6 [managed: 10, unused: 8, excluded: 0] (e.g. com.mchange.v2.c3p0.impl.NewPooledConnection@651e95)
2009-09-19 09:27:59,515 [DEBUG] com.mchange.v2.resourcepool.BasicResourcePool  - trace com.mchange.v2.resourcepool.BasicResourcePool@145e5a6 [managed: 10, unused: 8, excluded: 0] (e.g. com.mchange.v2.c3p0.impl.NewPooledConnection@651e95)
2009-09-19 09:27:59,531 [DEBUG] com.mchange.v2.resourcepool.BasicResourcePool  - trace com.mchange.v2.resourcepool.BasicResourcePool@145e5a6 [managed: 10, unused: 9, excluded: 0] (e.g. com.mchange.v2.c3p0.impl.NewPooledConnection@651e95)
2009-09-19 09:27:59,609 [DEBUG] com.mchange.v2.resourcepool.BasicResourcePool  - trace com.mchange.v2.resourcepool.BasicResourcePool@145e5a6 [managed: 10, unused: 9, excluded: 0] (e.g. com.mchange.v2.c3p0.impl.NewPooledConnection@651e95)
2009-09-19 09:27:59,609 [DEBUG] com.mchange.v2.resourcepool.BasicResourcePool  - trace com.mchange.v2.resourcepool.BasicResourcePool@145e5a6 [managed: 10, unused: 9, excluded: 0] (e.g. com.mchange.v2.c3p0.impl.NewPooledConnection@651e95)
2009-09-19 09:27:59,750 [DEBUG] com.mchange.v2.resourcepool.BasicResourcePool  - trace com.mchange.v2.resourcepool.BasicResourcePool@145e5a6 [managed: 10, unused: 9, excluded: 0] (e.g. com.mchange.v2.c3p0.impl.NewPooledConnection@651e95)
2009-09-19 09:27:59,750 [DEBUG] com.mchange.v2.resourcepool.BasicResourcePool  - trace com.mchange.v2.resourcepool.BasicResourcePool@145e5a6 [managed: 10, unused: 9, excluded: 0] (e.g. com.mchange.v2.c3p0.impl.NewPooledConnection@651e95)
2009-09-19 09:27:59,750 [DEBUG] com.mchange.v2.resourcepool.BasicResourcePool  - trace com.mchange.v2.resourcepool.BasicResourcePool@145e5a6 [managed: 10, unused: 9, excluded: 0] (e.g. com.mchange.v2.c3p0.impl.NewPooledConnection@651e95)
2009-09-19 09:27:59,765 [DEBUG] com.mchange.v2.resourcepool.BasicResourcePool  - trace com.mchange.v2.resourcepool.BasicResourcePool@145e5a6 [managed: 10, unused: 9, excluded: 0] (e.g. com.mchange.v2.c3p0.impl.NewPooledConnection@651e95)
2009-09-19 09:28:00,078 [DEBUG] com.mchange.v2.resourcepool.BasicResourcePool  - trace com.mchange.v2.resourcepool.BasicResourcePool@145e5a6 [managed: 10, unused: 9, excluded: 0] (e.g. com.mchange.v2.c3p0.impl.NewPooledConnection@651e95)
2009-09-19 09:28:00,078 [DEBUG] com.mchange.v2.resourcepool.BasicResourcePool  - trace com.mchange.v2.resourcepool.BasicResourcePool@145e5a6 [managed: 10, unused: 9, excluded: 0] (e.g. com.mchange.v2.c3p0.impl.NewPooledConnection@651e95)
2009-09-19 09:28:01,468 [DEBUG] com.mchange.v2.resourcepool.BasicResourcePool  - trace com.mchange.v2.resourcepool.BasicResourcePool@145e5a6 [managed: 10, unused: 9, excluded: 0] (e.g. com.mchange.v2.c3p0.impl.NewPooledConnection@651e95)
2009-09-19 09:28:01,468 [DEBUG] com.mchange.v2.resourcepool.BasicResourcePool  - trace com.mchange.v2.resourcepool.BasicResourcePool@145e5a6 [managed: 10, unused: 9, excluded: 0] (e.g. com.mchange.v2.c3p0.impl.NewPooledConnection@651e95)
2009-09-19 09:28:01,484 [DEBUG] com.mchange.v2.resourcepool.BasicResourcePool  - trace com.mchange.v2.resourcepool.BasicResourcePool@145e5a6 [managed: 10, unused: 9, excluded: 0] (e.g. com.mchange.v2.c3p0.impl.NewPooledConnection@651e95)
2009-09-19 09:28:01,484 [DEBUG] com.mchange.v2.resourcepool.BasicResourcePool  - trace com.mchange.v2.resourcepool.BasicResourcePool@145e5a6 [managed: 10, unused: 9, excluded: 0] (e.g. com.mchange.v2.c3p0.impl.NewPooledConnection@651e95)
2009-09-19 09:28:01,484 [DEBUG] com.mchange.v2.resourcepool.BasicResourcePool  - trace com.mchange.v2.resourcepool.BasicResourcePool@145e5a6 [managed: 10, unused: 9, excluded: 0] (e.g. com.mchange.v2.c3p0.impl.NewPooledConnection@651e95)
2009-09-19 09:28:01,500 [DEBUG] com.mchange.v2.resourcepool.BasicResourcePool  - trace com.mchange.v2.resourcepool.BasicResourcePool@145e5a6 [managed: 10, unused: 9, excluded: 0] (e.g. com.mchange.v2.c3p0.impl.NewPooledConnection@651e95)
2009-09-19 09:28:01,500 [DEBUG] com.mchange.v2.resourcepool.BasicResourcePool  - trace com.mchange.v2.resourcepool.BasicResourcePool@145e5a6 [managed: 10, unused: 9, excluded: 0] (e.g. com.mchange.v2.c3p0.impl.NewPooledConnection@651e95)
2009-09-19 09:28:01,500 [DEBUG] com.mchange.v2.resourcepool.BasicResourcePool  - trace com.mchange.v2.resourcepool.BasicResourcePool@145e5a6 [managed: 10, unused: 9, excluded: 0] (e.g. com.mchange.v2.c3p0.impl.NewPooledConnection@651e95)
2009-09-19 09:28:01,593 [DEBUG] com.mchange.v2.async.ThreadPoolAsynchronousRunner  - Thread[com.mchange.v2.async.ThreadPoolAsynchronousRunner$PoolThread-#1,5,main] interrupted. Shutting down.
2009-09-19 09:28:01,593 [DEBUG] com.mchange.v2.c3p0.management.ActiveManagementCoordinator  - MBean: com.mchange.v2.c3p0:type=PooledDataSource[2sab6y831lorj2u1k2x9et|1412e75] unregistered.
2009-09-19 09:28:01,593 [DEBUG] com.mchange.v2.c3p0.management.ActiveManagementCoordinator  - C3P0Registry mbean unregistered.
2009-09-19 09:28:01,593 [DEBUG] com.mchange.v2.async.ThreadPoolAsynchronousRunner  - Thread[com.mchange.v2.async.ThreadPoolAsynchronousRunner$PoolThread-#2,5,main] interrupted. Shutting down.
2009-09-19 09:28:01,593 [DEBUG] com.mchange.v2.async.ThreadPoolAsynchronousRunner  - Thread[com.mchange.v2.async.ThreadPoolAsynchronousRunner$PoolThread-#0,5,main] interrupted. Shutting down.
2009-09-19 09:28:01,593 [DEBUG] com.mchange.v2.c3p0.impl.AbstractPoolBackedDataSource  - com.mchange.v2.c3p0.ComboPooledDataSource@1412e75 has been closed. 
java.lang.Exception: DEBUG STACK TRACE for PoolBackedDataSource.close().
	at com.mchange.v2.c3p0.impl.AbstractPoolBackedDataSource.close(AbstractPoolBackedDataSource.java:417)
	at sun.reflect.NativeMethodAccessorImpl.invoke0(Native Method)
	at sun.reflect.NativeMethodAccessorImpl.invoke(NativeMethodAccessorImpl.java:39)
	at sun.reflect.DelegatingMethodAccessorImpl.invoke(DelegatingMethodAccessorImpl.java:25)
	at java.lang.reflect.Method.invoke(Method.java:597)
	at org.springframework.beans.factory.support.DisposableBeanAdapter.invokeCustomDestroyMethod(DisposableBeanAdapter.java:208)
	at org.springframework.beans.factory.support.DisposableBeanAdapter.destroy(DisposableBeanAdapter.java:165)
	at org.springframework.beans.factory.support.DefaultSingletonBeanRegistry.destroyBean(DefaultSingletonBeanRegistry.java:487)
	at org.springframework.beans.factory.support.DefaultSingletonBeanRegistry.destroySingleton(DefaultSingletonBeanRegistry.java:462)
	at org.springframework.beans.factory.support.DefaultSingletonBeanRegistry.destroySingletons(DefaultSingletonBeanRegistry.java:430)
	at org.springframework.context.support.AbstractApplicationContext.destroyBeans(AbstractApplicationContext.java:853)
	at org.springframework.context.support.AbstractApplicationContext.doClose(AbstractApplicationContext.java:831)
	at org.springframework.context.support.AbstractApplicationContext$1.run(AbstractApplicationContext.java:764)
2009-09-19 09:28:01,593 [DEBUG] com.mchange.v2.resourcepool.BasicResourcePool  - Preparing to destroy resource: com.mchange.v2.c3p0.impl.NewPooledConnection@1042fcc
2009-09-19 09:28:01,593 [DEBUG] com.mchange.v2.c3p0.impl.C3P0PooledConnectionPool  - Preparing to destroy PooledConnection: com.mchange.v2.c3p0.impl.NewPooledConnection@1042fcc
2009-09-19 09:28:01,593 [DEBUG] com.mchange.v2.c3p0.impl.NewPooledConnection  - com.mchange.v2.c3p0.impl.NewPooledConnection@1042fcc closed by a client.
java.lang.Exception: DEBUG -- CLOSE BY CLIENT STACK TRACE
	at com.mchange.v2.c3p0.impl.NewPooledConnection.close(NewPooledConnection.java:566)
	at com.mchange.v2.c3p0.impl.NewPooledConnection.close(NewPooledConnection.java:234)
	at com.mchange.v2.c3p0.impl.C3P0PooledConnectionPool$1PooledConnectionResourcePoolManager.destroyResource(C3P0PooledConnectionPool.java:470)
	at com.mchange.v2.resourcepool.BasicResourcePool$1DestroyResourceTask.run(BasicResourcePool.java:964)
	at com.mchange.v2.resourcepool.BasicResourcePool.destroyResource(BasicResourcePool.java:989)
	at com.mchange.v2.resourcepool.BasicResourcePool.access$100(BasicResourcePool.java:32)
	at com.mchange.v2.resourcepool.BasicResourcePool$5.run(BasicResourcePool.java:1174)
2009-09-19 09:28:01,593 [DEBUG] com.mchange.v2.c3p0.impl.C3P0PooledConnectionPool  - Successfully destroyed PooledConnection: com.mchange.v2.c3p0.impl.NewPooledConnection@1042fcc
2009-09-19 09:28:01,593 [DEBUG] com.mchange.v2.resourcepool.BasicResourcePool  - Successfully destroyed resource: com.mchange.v2.c3p0.impl.NewPooledConnection@1042fcc
2009-09-19 09:28:01,593 [DEBUG] com.mchange.v2.resourcepool.BasicResourcePool  - Preparing to destroy resource: com.mchange.v2.c3p0.impl.NewPooledConnection@41a12f
2009-09-19 09:28:01,593 [DEBUG] com.mchange.v2.c3p0.impl.C3P0PooledConnectionPool  - Preparing to destroy PooledConnection: com.mchange.v2.c3p0.impl.NewPooledConnection@41a12f
2009-09-19 09:28:01,593 [DEBUG] com.mchange.v2.c3p0.impl.NewPooledConnection  - com.mchange.v2.c3p0.impl.NewPooledConnection@41a12f closed by a client.
java.lang.Exception: DEBUG -- CLOSE BY CLIENT STACK TRACE
	at com.mchange.v2.c3p0.impl.NewPooledConnection.close(NewPooledConnection.java:566)
	at com.mchange.v2.c3p0.impl.NewPooledConnection.close(NewPooledConnection.java:234)
	at com.mchange.v2.c3p0.impl.C3P0PooledConnectionPool$1PooledConnectionResourcePoolManager.destroyResource(C3P0PooledConnectionPool.java:470)
	at com.mchange.v2.resourcepool.BasicResourcePool$1DestroyResourceTask.run(BasicResourcePool.java:964)
	at com.mchange.v2.resourcepool.BasicResourcePool.destroyResource(BasicResourcePool.java:989)
	at com.mchange.v2.resourcepool.BasicResourcePool.access$100(BasicResourcePool.java:32)
	at com.mchange.v2.resourcepool.BasicResourcePool$5.run(BasicResourcePool.java:1174)
2009-09-19 09:28:01,593 [DEBUG] com.mchange.v2.c3p0.impl.C3P0PooledConnectionPool  - Successfully destroyed PooledConnection: com.mchange.v2.c3p0.impl.NewPooledConnection@41a12f
2009-09-19 09:28:01,593 [DEBUG] com.mchange.v2.resourcepool.BasicResourcePool  - Successfully destroyed resource: com.mchange.v2.c3p0.impl.NewPooledConnection@41a12f
2009-09-19 09:28:01,593 [DEBUG] com.mchange.v2.resourcepool.BasicResourcePool  - Preparing to destroy resource: com.mchange.v2.c3p0.impl.NewPooledConnection@8f3d27
2009-09-19 09:28:01,593 [DEBUG] com.mchange.v2.c3p0.impl.C3P0PooledConnectionPool  - Preparing to destroy PooledConnection: com.mchange.v2.c3p0.impl.NewPooledConnection@8f3d27
2009-09-19 09:28:01,593 [DEBUG] com.mchange.v2.c3p0.impl.NewPooledConnection  - com.mchange.v2.c3p0.impl.NewPooledConnection@8f3d27 closed by a client.
java.lang.Exception: DEBUG -- CLOSE BY CLIENT STACK TRACE
	at com.mchange.v2.c3p0.impl.NewPooledConnection.close(NewPooledConnection.java:566)
	at com.mchange.v2.c3p0.impl.NewPooledConnection.close(NewPooledConnection.java:234)
	at com.mchange.v2.c3p0.impl.C3P0PooledConnectionPool$1PooledConnectionResourcePoolManager.destroyResource(C3P0PooledConnectionPool.java:470)
	at com.mchange.v2.resourcepool.BasicResourcePool$1DestroyResourceTask.run(BasicResourcePool.java:964)
	at com.mchange.v2.resourcepool.BasicResourcePool.destroyResource(BasicResourcePool.java:989)
	at com.mchange.v2.resourcepool.BasicResourcePool.access$100(BasicResourcePool.java:32)
	at com.mchange.v2.resourcepool.BasicResourcePool$5.run(BasicResourcePool.java:1174)
2009-09-19 09:28:01,593 [DEBUG] com.mchange.v2.c3p0.impl.C3P0PooledConnectionPool  - Successfully destroyed PooledConnection: com.mchange.v2.c3p0.impl.NewPooledConnection@8f3d27
2009-09-19 09:28:01,593 [DEBUG] com.mchange.v2.resourcepool.BasicResourcePool  - Successfully destroyed resource: com.mchange.v2.c3p0.impl.NewPooledConnection@8f3d27
2009-09-19 09:28:01,593 [DEBUG] com.mchange.v2.resourcepool.BasicResourcePool  - Preparing to destroy resource: com.mchange.v2.c3p0.impl.NewPooledConnection@1e6f0ef
2009-09-19 09:28:01,593 [DEBUG] com.mchange.v2.c3p0.impl.C3P0PooledConnectionPool  - Preparing to destroy PooledConnection: com.mchange.v2.c3p0.impl.NewPooledConnection@1e6f0ef
2009-09-19 09:28:01,593 [DEBUG] com.mchange.v2.c3p0.impl.NewPooledConnection  - com.mchange.v2.c3p0.impl.NewPooledConnection@1e6f0ef closed by a client.
java.lang.Exception: DEBUG -- CLOSE BY CLIENT STACK TRACE
	at com.mchange.v2.c3p0.impl.NewPooledConnection.close(NewPooledConnection.java:566)
	at com.mchange.v2.c3p0.impl.NewPooledConnection.close(NewPooledConnection.java:234)
	at com.mchange.v2.c3p0.impl.C3P0PooledConnectionPool$1PooledConnectionResourcePoolManager.destroyResource(C3P0PooledConnectionPool.java:470)
	at com.mchange.v2.resourcepool.BasicResourcePool$1DestroyResourceTask.run(BasicResourcePool.java:964)
	at com.mchange.v2.resourcepool.BasicResourcePool.destroyResource(BasicResourcePool.java:989)
	at com.mchange.v2.resourcepool.BasicResourcePool.access$100(BasicResourcePool.java:32)
	at com.mchange.v2.resourcepool.BasicResourcePool$5.run(BasicResourcePool.java:1174)
2009-09-19 09:28:01,593 [DEBUG] com.mchange.v2.c3p0.impl.C3P0PooledConnectionPool  - Successfully destroyed PooledConnection: com.mchange.v2.c3p0.impl.NewPooledConnection@1e6f0ef
2009-09-19 09:28:01,593 [DEBUG] com.mchange.v2.resourcepool.BasicResourcePool  - Successfully destroyed resource: com.mchange.v2.c3p0.impl.NewPooledConnection@1e6f0ef
2009-09-19 09:28:01,593 [DEBUG] com.mchange.v2.resourcepool.BasicResourcePool  - Preparing to destroy resource: com.mchange.v2.c3p0.impl.NewPooledConnection@75c78d
2009-09-19 09:28:01,593 [DEBUG] com.mchange.v2.c3p0.impl.C3P0PooledConnectionPool  - Preparing to destroy PooledConnection: com.mchange.v2.c3p0.impl.NewPooledConnection@75c78d
2009-09-19 09:28:01,593 [DEBUG] com.mchange.v2.c3p0.impl.NewPooledConnection  - com.mchange.v2.c3p0.impl.NewPooledConnection@75c78d closed by a client.
java.lang.Exception: DEBUG -- CLOSE BY CLIENT STACK TRACE
	at com.mchange.v2.c3p0.impl.NewPooledConnection.close(NewPooledConnection.java:566)
	at com.mchange.v2.c3p0.impl.NewPooledConnection.close(NewPooledConnection.java:234)
	at com.mchange.v2.c3p0.impl.C3P0PooledConnectionPool$1PooledConnectionResourcePoolManager.destroyResource(C3P0PooledConnectionPool.java:470)
	at com.mchange.v2.resourcepool.BasicResourcePool$1DestroyResourceTask.run(BasicResourcePool.java:964)
	at com.mchange.v2.resourcepool.BasicResourcePool.destroyResource(BasicResourcePool.java:989)
	at com.mchange.v2.resourcepool.BasicResourcePool.access$100(BasicResourcePool.java:32)
	at com.mchange.v2.resourcepool.BasicResourcePool$5.run(BasicResourcePool.java:1174)
2009-09-19 09:28:01,593 [DEBUG] com.mchange.v2.c3p0.impl.C3P0PooledConnectionPool  - Successfully destroyed PooledConnection: com.mchange.v2.c3p0.impl.NewPooledConnection@75c78d
2009-09-19 09:28:01,593 [DEBUG] com.mchange.v2.resourcepool.BasicResourcePool  - Successfully destroyed resource: com.mchange.v2.c3p0.impl.NewPooledConnection@75c78d
2009-09-19 09:28:01,593 [DEBUG] com.mchange.v2.resourcepool.BasicResourcePool  - Preparing to destroy resource: com.mchange.v2.c3p0.impl.NewPooledConnection@159ea8e
2009-09-19 09:28:01,593 [DEBUG] com.mchange.v2.c3p0.impl.C3P0PooledConnectionPool  - Preparing to destroy PooledConnection: com.mchange.v2.c3p0.impl.NewPooledConnection@159ea8e
2009-09-19 09:28:01,593 [DEBUG] com.mchange.v2.c3p0.impl.NewPooledConnection  - com.mchange.v2.c3p0.impl.NewPooledConnection@159ea8e closed by a client.
java.lang.Exception: DEBUG -- CLOSE BY CLIENT STACK TRACE
	at com.mchange.v2.c3p0.impl.NewPooledConnection.close(NewPooledConnection.java:566)
	at com.mchange.v2.c3p0.impl.NewPooledConnection.close(NewPooledConnection.java:234)
	at com.mchange.v2.c3p0.impl.C3P0PooledConnectionPool$1PooledConnectionResourcePoolManager.destroyResource(C3P0PooledConnectionPool.java:470)
	at com.mchange.v2.resourcepool.BasicResourcePool$1DestroyResourceTask.run(BasicResourcePool.java:964)
	at com.mchange.v2.resourcepool.BasicResourcePool.destroyResource(BasicResourcePool.java:989)
	at com.mchange.v2.resourcepool.BasicResourcePool.access$100(BasicResourcePool.java:32)
	at com.mchange.v2.resourcepool.BasicResourcePool$5.run(BasicResourcePool.java:1174)
2009-09-19 09:28:01,609 [DEBUG] com.mchange.v2.c3p0.impl.C3P0PooledConnectionPool  - Successfully destroyed PooledConnection: com.mchange.v2.c3p0.impl.NewPooledConnection@159ea8e
2009-09-19 09:28:01,609 [DEBUG] com.mchange.v2.resourcepool.BasicResourcePool  - Successfully destroyed resource: com.mchange.v2.c3p0.impl.NewPooledConnection@159ea8e
2009-09-19 09:28:01,609 [DEBUG] com.mchange.v2.resourcepool.BasicResourcePool  - Preparing to destroy resource: com.mchange.v2.c3p0.impl.NewPooledConnection@60b407
2009-09-19 09:28:01,609 [DEBUG] com.mchange.v2.c3p0.impl.C3P0PooledConnectionPool  - Preparing to destroy PooledConnection: com.mchange.v2.c3p0.impl.NewPooledConnection@60b407
2009-09-19 09:28:01,609 [DEBUG] com.mchange.v2.c3p0.impl.NewPooledConnection  - com.mchange.v2.c3p0.impl.NewPooledConnection@60b407 closed by a client.
java.lang.Exception: DEBUG -- CLOSE BY CLIENT STACK TRACE
	at com.mchange.v2.c3p0.impl.NewPooledConnection.close(NewPooledConnection.java:566)
	at com.mchange.v2.c3p0.impl.NewPooledConnection.close(NewPooledConnection.java:234)
	at com.mchange.v2.c3p0.impl.C3P0PooledConnectionPool$1PooledConnectionResourcePoolManager.destroyResource(C3P0PooledConnectionPool.java:470)
	at com.mchange.v2.resourcepool.BasicResourcePool$1DestroyResourceTask.run(BasicResourcePool.java:964)
	at com.mchange.v2.resourcepool.BasicResourcePool.destroyResource(BasicResourcePool.java:989)
	at com.mchange.v2.resourcepool.BasicResourcePool.access$100(BasicResourcePool.java:32)
	at com.mchange.v2.resourcepool.BasicResourcePool$5.run(BasicResourcePool.java:1174)
2009-09-19 09:28:01,609 [DEBUG] com.mchange.v2.c3p0.impl.C3P0PooledConnectionPool  - Successfully destroyed PooledConnection: com.mchange.v2.c3p0.impl.NewPooledConnection@60b407
2009-09-19 09:28:01,609 [DEBUG] com.mchange.v2.resourcepool.BasicResourcePool  - Successfully destroyed resource: com.mchange.v2.c3p0.impl.NewPooledConnection@60b407
2009-09-19 09:28:01,609 [DEBUG] com.mchange.v2.resourcepool.BasicResourcePool  - Preparing to destroy resource: com.mchange.v2.c3p0.impl.NewPooledConnection@1d349e2
2009-09-19 09:28:01,609 [DEBUG] com.mchange.v2.c3p0.impl.C3P0PooledConnectionPool  - Preparing to destroy PooledConnection: com.mchange.v2.c3p0.impl.NewPooledConnection@1d349e2
2009-09-19 09:28:01,609 [DEBUG] com.mchange.v2.c3p0.impl.NewPooledConnection  - com.mchange.v2.c3p0.impl.NewPooledConnection@1d349e2 closed by a client.
java.lang.Exception: DEBUG -- CLOSE BY CLIENT STACK TRACE
	at com.mchange.v2.c3p0.impl.NewPooledConnection.close(NewPooledConnection.java:566)
	at com.mchange.v2.c3p0.impl.NewPooledConnection.close(NewPooledConnection.java:234)
	at com.mchange.v2.c3p0.impl.C3P0PooledConnectionPool$1PooledConnectionResourcePoolManager.destroyResource(C3P0PooledConnectionPool.java:470)
	at com.mchange.v2.resourcepool.BasicResourcePool$1DestroyResourceTask.run(BasicResourcePool.java:964)
	at com.mchange.v2.resourcepool.BasicResourcePool.destroyResource(BasicResourcePool.java:989)
	at com.mchange.v2.resourcepool.BasicResourcePool.access$100(BasicResourcePool.java:32)
	at com.mchange.v2.resourcepool.BasicResourcePool$5.run(BasicResourcePool.java:1174)
2009-09-19 09:28:01,609 [DEBUG] com.mchange.v2.c3p0.impl.C3P0PooledConnectionPool  - Successfully destroyed PooledConnection: com.mchange.v2.c3p0.impl.NewPooledConnection@1d349e2
2009-09-19 09:28:01,609 [DEBUG] com.mchange.v2.resourcepool.BasicResourcePool  - Successfully destroyed resource: com.mchange.v2.c3p0.impl.NewPooledConnection@1d349e2
2009-09-19 09:28:01,609 [DEBUG] com.mchange.v2.resourcepool.BasicResourcePool  - Preparing to destroy resource: com.mchange.v2.c3p0.impl.NewPooledConnection@651e95
2009-09-19 09:28:01,609 [DEBUG] com.mchange.v2.c3p0.impl.C3P0PooledConnectionPool  - Preparing to destroy PooledConnection: com.mchange.v2.c3p0.impl.NewPooledConnection@651e95
2009-09-19 09:28:01,609 [DEBUG] com.mchange.v2.c3p0.impl.NewPooledConnection  - com.mchange.v2.c3p0.impl.NewPooledConnection@651e95 closed by a client.
java.lang.Exception: DEBUG -- CLOSE BY CLIENT STACK TRACE
	at com.mchange.v2.c3p0.impl.NewPooledConnection.close(NewPooledConnection.java:566)
	at com.mchange.v2.c3p0.impl.NewPooledConnection.close(NewPooledConnection.java:234)
	at com.mchange.v2.c3p0.impl.C3P0PooledConnectionPool$1PooledConnectionResourcePoolManager.destroyResource(C3P0PooledConnectionPool.java:470)
	at com.mchange.v2.resourcepool.BasicResourcePool$1DestroyResourceTask.run(BasicResourcePool.java:964)
	at com.mchange.v2.resourcepool.BasicResourcePool.destroyResource(BasicResourcePool.java:989)
	at com.mchange.v2.resourcepool.BasicResourcePool.access$100(BasicResourcePool.java:32)
	at com.mchange.v2.resourcepool.BasicResourcePool$5.run(BasicResourcePool.java:1174)
2009-09-19 09:28:01,609 [DEBUG] com.mchange.v2.c3p0.impl.C3P0PooledConnectionPool  - Successfully destroyed PooledConnection: com.mchange.v2.c3p0.impl.NewPooledConnection@651e95
2009-09-19 09:28:01,609 [DEBUG] com.mchange.v2.resourcepool.BasicResourcePool  - Successfully destroyed resource: com.mchange.v2.c3p0.impl.NewPooledConnection@651e95
2009-09-19 09:28:01,609 [DEBUG] com.mchange.v2.resourcepool.BasicResourcePool  - Preparing to destroy resource: com.mchange.v2.c3p0.impl.NewPooledConnection@886ad0
2009-09-19 09:28:01,609 [DEBUG] com.mchange.v2.c3p0.impl.C3P0PooledConnectionPool  - Preparing to destroy PooledConnection: com.mchange.v2.c3p0.impl.NewPooledConnection@886ad0
2009-09-19 09:28:01,609 [DEBUG] com.mchange.v2.c3p0.impl.NewPooledConnection  - com.mchange.v2.c3p0.impl.NewPooledConnection@886ad0 closed by a client.
java.lang.Exception: DEBUG -- CLOSE BY CLIENT STACK TRACE
	at com.mchange.v2.c3p0.impl.NewPooledConnection.close(NewPooledConnection.java:566)
	at com.mchange.v2.c3p0.impl.NewPooledConnection.close(NewPooledConnection.java:234)
	at com.mchange.v2.c3p0.impl.C3P0PooledConnectionPool$1PooledConnectionResourcePoolManager.destroyResource(C3P0PooledConnectionPool.java:470)
	at com.mchange.v2.resourcepool.BasicResourcePool$1DestroyResourceTask.run(BasicResourcePool.java:964)
	at com.mchange.v2.resourcepool.BasicResourcePool.destroyResource(BasicResourcePool.java:989)
	at com.mchange.v2.resourcepool.BasicResourcePool.access$100(BasicResourcePool.java:32)
	at com.mchange.v2.resourcepool.BasicResourcePool$5.run(BasicResourcePool.java:1174)
2009-09-19 09:28:01,609 [DEBUG] com.mchange.v2.c3p0.impl.C3P0PooledConnectionPool  - Successfully destroyed PooledConnection: com.mchange.v2.c3p0.impl.NewPooledConnection@886ad0
2009-09-19 09:28:01,609 [DEBUG] com.mchange.v2.resourcepool.BasicResourcePool  - Successfully destroyed resource: com.mchange.v2.c3p0.impl.NewPooledConnection@886ad0
